c:\users\liliu\source\repos\castle_of_illusion\2dgame\02-bubble\02-bubble\debug\vc143.pdb
c:\users\liliu\source\repos\castle_of_illusion\2dgame\02-bubble\02-bubble\debug\vc143.idb
c:\users\liliu\source\repos\castle_of_illusion\2dgame\02-bubble\02-bubble\debug\tilemap.obj
c:\users\liliu\source\repos\castle_of_illusion\2dgame\02-bubble\02-bubble\debug\texturedquad.obj
c:\users\liliu\source\repos\castle_of_illusion\2dgame\02-bubble\02-bubble\debug\texture.obj
c:\users\liliu\source\repos\castle_of_illusion\2dgame\02-bubble\02-bubble\debug\text.obj
c:\users\liliu\source\repos\castle_of_illusion\2dgame\02-bubble\02-bubble\debug\sprite.obj
c:\users\liliu\source\repos\castle_of_illusion\2dgame\02-bubble\02-bubble\debug\soundmanager.obj
c:\users\liliu\source\repos\castle_of_illusion\2dgame\02-bubble\02-bubble\debug\shaderprogram.obj
c:\users\liliu\source\repos\castle_of_illusion\2dgame\02-bubble\02-bubble\debug\shader.obj
c:\users\liliu\source\repos\castle_of_illusion\2dgame\02-bubble\02-bubble\debug\scene.obj
c:\users\liliu\source\repos\castle_of_illusion\2dgame\02-bubble\02-bubble\debug\quad.obj
c:\users\liliu\source\repos\castle_of_illusion\2dgame\02-bubble\02-bubble\debug\player.obj
c:\users\liliu\source\repos\castle_of_illusion\2dgame\02-bubble\02-bubble\debug\main.obj
c:\users\liliu\source\repos\castle_of_illusion\2dgame\02-bubble\02-bubble\debug\gameui.obj
c:\users\liliu\source\repos\castle_of_illusion\2dgame\02-bubble\02-bubble\debug\block.obj
c:\users\liliu\source\repos\castle_of_illusion\2dgame\02-bubble\02-bubble\debug\game.obj
c:\users\liliu\source\repos\castle_of_illusion\2dgame\02-bubble\02-bubble\debug\enemytree.obj
c:\users\liliu\source\repos\castle_of_illusion\2dgame\02-bubble\02-bubble\debug\enemybug.obj
c:\users\liliu\source\repos\castle_of_illusion\2dgame\02-bubble\02-bubble\debug\enemy.obj
c:\users\liliu\source\repos\castle_of_illusion\2dgame\02-bubble\02-bubble\debug\entity.obj
c:\users\liliu\source\repos\castle_of_illusion\2dgame\02-bubble\02-bubble\debug\collisionmanager.obj
c:\users\liliu\source\repos\castle_of_illusion\2dgame\02-bubble\02-bubble\debug\bossdragon.obj
c:\users\liliu\source\repos\castle_of_illusion\2dgame\02-bubble\02-bubble\debug\bossshoot.obj
c:\users\liliu\source\repos\castle_of_illusion\2dgame\02-bubble\02-bubble\debug\particleefect.obj
c:\users\liliu\source\repos\castle_of_illusion\2dgame\02-bubble\02-bubble\debug\blocknondestroyable.obj
c:\users\liliu\source\repos\castle_of_illusion\2dgame\02-bubble\02-bubble\debug\blockdestroyable.obj
c:\users\liliu\source\repos\castle_of_illusion\2dgame\02-bubble\02-bubble\debug\scenemenu.obj
c:\users\liliu\source\repos\castle_of_illusion\2dgame\02-bubble\02-bubble\debug\sceneplaylevel.obj
c:\users\liliu\source\repos\castle_of_illusion\2dgame\02-bubble\02-bubble\debug\sceneplaypractice.obj
c:\users\liliu\source\repos\castle_of_illusion\2dgame\02-bubble\02-bubble\debug\sceneplay.obj
c:\users\liliu\source\repos\castle_of_illusion\2dgame\02-bubble\02-bubble\debug\blockgem.obj
c:\users\liliu\source\repos\castle_of_illusion\2dgame\02-bubble\02-bubble\debug\blockchestcake.obj
c:\users\liliu\source\repos\castle_of_illusion\2dgame\02-bubble\02-bubble\debug\blockchestcoin.obj
c:\users\liliu\source\repos\castle_of_illusion\2dgame\02-bubble\02-bubble\debug\enemybee.obj
c:\users\liliu\source\repos\castle_of_illusion\2dgame\02-bubble\02-bubble\debug\sceneinstructions.obj
c:\users\liliu\source\repos\castle_of_illusion\2dgame\02-bubble\02-bubble\debug\scenecredits.obj
c:\users\liliu\source\repos\castle_of_illusion\2dgame\02-bubble\02-bubble\debug\scenefinalscreen.obj
c:\users\liliu\source\repos\castle_of_illusion\2dgame\02-bubble\debug\02-bubble.exe
c:\users\liliu\source\repos\castle_of_illusion\2dgame\02-bubble\debug\02-bubble.pdb
c:\users\liliu\source\repos\castle_of_illusion\2dgame\02-bubble\02-bubble\debug\02-bubble.res
c:\users\liliu\source\repos\castle_of_illusion\2dgame\02-bubble\02-bubble\debug\02-bubble.ilk
c:\users\liliu\source\repos\castle_of_illusion\2dgame\02-bubble\02-bubble\debug\blockcake.obj
c:\users\liliu\source\repos\castle_of_illusion\2dgame\02-bubble\02-bubble\debug\blockchest.obj
c:\users\liliu\source\repos\castle_of_illusion\2dgame\02-bubble\02-bubble\debug\blockcoin.obj
c:\users\liliu\source\repos\castle_of_illusion\2dgame\02-bubble\02-bubble\debug\levelscene.obj
c:\users\liliu\source\repos\castle_of_illusion\2dgame\02-bubble\02-bubble\debug\menuscene.obj
c:\users\liliu\source\repos\castle_of_illusion\2dgame\02-bubble\02-bubble\debug\playscene.obj
c:\users\liliu\source\repos\castle_of_illusion\2dgame\02-bubble\02-bubble\debug\practiceplayscene.obj
c:\users\liliu\source\repos\castle_of_illusion\2dgame\02-bubble\02-bubble\debug\bossdragon.obj.enc
c:\users\liliu\source\repos\castle_of_illusion\2dgame\02-bubble\02-bubble\debug\bossshoot.obj.enc
c:\users\liliu\source\repos\castle_of_illusion\2dgame\02-bubble\02-bubble\debug\collisionmanager.obj.enc
c:\users\liliu\source\repos\castle_of_illusion\2dgame\02-bubble\02-bubble\debug\particleefect.obj.enc
c:\users\liliu\source\repos\castle_of_illusion\2dgame\02-bubble\02-bubble\debug\player.obj.enc
c:\users\liliu\source\repos\castle_of_illusion\2dgame\02-bubble\02-bubble\debug\scenefinalscreen.obj.enc
c:\users\liliu\source\repos\castle_of_illusion\2dgame\02-bubble\02-bubble\debug\sceneplay.obj.enc
c:\users\liliu\source\repos\castle_of_illusion\2dgame\02-bubble\02-bubble\debug\sceneplaylevel.obj.enc
c:\users\liliu\source\repos\castle_of_illusion\2dgame\02-bubble\02-bubble\debug\sceneplaypractice.obj.enc
c:\users\liliu\source\repos\castle_of_illusion\2dgame\02-bubble\02-bubble\debug\02-bubble.tlog\cl.command.1.tlog
c:\users\liliu\source\repos\castle_of_illusion\2dgame\02-bubble\02-bubble\debug\02-bubble.tlog\cl.items.tlog
c:\users\liliu\source\repos\castle_of_illusion\2dgame\02-bubble\02-bubble\debug\02-bubble.tlog\cl.read.1.tlog
c:\users\liliu\source\repos\castle_of_illusion\2dgame\02-bubble\02-bubble\debug\02-bubble.tlog\cl.write.1.tlog
c:\users\liliu\source\repos\castle_of_illusion\2dgame\02-bubble\02-bubble\debug\02-bubble.tlog\link.command.1.tlog
c:\users\liliu\source\repos\castle_of_illusion\2dgame\02-bubble\02-bubble\debug\02-bubble.tlog\link.read.1.tlog
c:\users\liliu\source\repos\castle_of_illusion\2dgame\02-bubble\02-bubble\debug\02-bubble.tlog\link.secondary.1.tlog
c:\users\liliu\source\repos\castle_of_illusion\2dgame\02-bubble\02-bubble\debug\02-bubble.tlog\link.write.1.tlog
c:\users\liliu\source\repos\castle_of_illusion\2dgame\02-bubble\02-bubble\debug\02-bubble.tlog\rc.command.1.tlog
c:\users\liliu\source\repos\castle_of_illusion\2dgame\02-bubble\02-bubble\debug\02-bubble.tlog\rc.read.1.tlog
c:\users\liliu\source\repos\castle_of_illusion\2dgame\02-bubble\02-bubble\debug\02-bubble.tlog\rc.write.1.tlog
